[04:09:11] [INIT] KubeJS 2001.6.4-build.138; MC 2001 forge
[04:09:11] [INIT] Loaded plugins:
[04:09:11] [INIT] - dev.latvian.mods.kubejs.forge.BuiltinKubeJSForgePlugin
[04:09:11] [INIT] - dev.ftb.mods.ftbxmodcompat.ftbquests.kubejs.KubeJSIntegration
[04:09:11] [INIT] - dev.ftb.mods.ftbxmodcompat.ftbchunks.kubejs.FTBChunksKubeJSPlugin
[04:09:11] [INIT] - dev.ftb.mods.ftbxmodcompat.ftbteams.kubejs.FTBTeamsKubeJSPlugin
[04:09:11] [INIT] - com.tom.createores.kubejs.KubeJSExcavation
[04:09:11] [INIT] - com.almostreliable.morejs.Plugin
[04:09:11] [INIT] - com.blakebr0.cucumber.compat.kubejs.CucumberKubeJSPlugin
[04:09:11] [INIT] - com.almostreliable.ponderjs.PonderJSPlugin
[04:09:12] [INFO] Loaded script server_scripts:postUnify/_before.js in 0.007 s
[04:09:12] [INFO] Loaded script server_scripts:postUnify/dust.js in 0.005 s
[04:09:12] [INFO] Loaded script server_scripts:postUnify/wires.js in 0.004 s
[04:09:12] [INFO] Loaded script server_scripts:postUnify/storage_blocks.js in 0.004 s
[04:09:12] [INFO] Loaded script server_scripts:postUnify/ingots.js in 0.003 s
[04:09:12] [INFO] Loaded script server_scripts:postUnify/nuggets.js in 0.002 s
[04:09:12] [INFO] Loaded script server_scripts:postUnify/raw_materials.js in 0.002 s
[04:09:12] [INFO] Loaded script server_scripts:postUnify/plates.js in 0.003 s
[04:09:12] [INFO] Loaded script server_scripts:postUnify/rods.js in 0.003 s
[04:09:12] [INFO] Loaded script server_scripts:postUnify/gears.js in 0.002 s
[04:09:12] [INFO] Loaded script server_scripts:tags.js in 0.003 s
[04:09:12] [INFO] Loaded script server_scripts:conflicts.js in 0.002 s
[04:09:12] [INFO] Loaded script server_scripts:modpack/atm_star_creative.js in 0.005 s
[04:09:12] [INFO] Loaded script server_scripts:modpack/atm_shard.js in 0.0 s
[04:09:12] [INFO] Loaded script server_scripts:modpack/atm_star.js in 0.001 s
[04:09:12] [INFO] Loaded script server_scripts:modpack/atm_alloy_tools.js in 0.003 s
[04:09:12] [INFO] Loaded script server_scripts:modpack/mini_portals.js in 0.001 s
[04:09:12] [INFO] Loaded script server_scripts:modpack/att_items.js in 0.002 s
[04:09:12] [INFO] Loaded script server_scripts:modpack/atm_alloys.js in 0.002 s
[04:09:12] [INFO] Loaded script server_scripts:modpack/patrick_star.js in 0.001 s
[04:09:12] [INFO] Loaded script server_scripts:mods/buildinggadgets/recipes.js in 0.0 s
[04:09:12] [INFO] Loaded script server_scripts:mods/mysticalagriculture/cropRemove.js in 0.0 s
[04:09:12] [INFO] mods/mysticalagriculture/crops.js#1: Loaded Java class 'com.blakebr0.mysticalagriculture.registry.CropRegistry'
[04:09:12] [INFO] Loaded script server_scripts:mods/mysticalagriculture/crops.js in 0.006 s
[04:09:12] [INFO] Loaded script server_scripts:mods/mysticalagriculture/crafting.js in 0.002 s
[04:09:12] [INFO] Loaded script server_scripts:mods/silent_gear/salvager.js in 0.001 s
[04:09:12] [INFO] Loaded script server_scripts:mods/entangled/recipes.js in 0.0 s
[04:09:12] [INFO] Loaded script server_scripts:mods/computercraft/turtles.js in 0.001 s
[04:09:12] [INFO] Loaded script server_scripts:mods/angelring/angelring.js in 0.0 s
[04:09:12] [INFO] Loaded script server_scripts:mods/hostileneuralnetworks/hnn.js in 0.001 s
[04:09:12] [INFO] Loaded script server_scripts:mods/ftbquests/customTask.js in 0.0 s
[04:09:12] [INFO] Loaded script server_scripts:mods/ad_astra/ad_astra.js in 0.0 s
[04:09:12] [INFO] Loaded script server_scripts:mods/bloodmagic/meteors.js in 0.002 s
[04:09:12] [INFO] Loaded script server_scripts:mods/IndustrialForegoingSouls/blacklist.js in 0.0 s
[04:09:12] [INFO] Loaded script server_scripts:mods/IndustrialForegoingSouls/recipes.js in 0.001 s
[04:09:12] [INFO] Loaded script server_scripts:mods/create/crushed_silver.js in 0.0 s
[04:09:12] [INFO] Loaded script server_scripts:mods/create/create.js in 0.0 s
[04:09:12] [INFO] Loaded script server_scripts:mods/create/crushed_tin.js in 0.001 s
[04:09:12] [INFO] Loaded script server_scripts:mods/create/crushed_osmium.js in 0.0 s
[04:09:12] [INFO] Loaded script server_scripts:mods/create/crushed_platinum.js in 0.0 s
[04:09:12] [INFO] Loaded script server_scripts:mods/create/crushed_lead.js in 0.0 s
[04:09:12] [INFO] Loaded script server_scripts:mods/create/crushed_aluminum.js in 0.0 s
[04:09:12] [INFO] Loaded script server_scripts:mods/create/crushed_nickel.js in 0.0 s
[04:09:12] [INFO] Loaded script server_scripts:mods/create/crushed_uranium.js in 0.0 s
[04:09:12] [INFO] Loaded script server_scripts:mods/ae/recipes.js in 0.0 s
[04:09:12] [INFO] Loaded script server_scripts:mods/quarryplus/quarrying.js in 0.0 s
[04:09:12] [INFO] Loaded script server_scripts:mods/rftools/builder.js in 0.0 s
[04:09:12] [INFO] mods/farmingforblockheads/market.js#60: Loaded Java class 'net.blay09.mods.farmingforblockheads.api.FarmingForBlockheadsAPI'
[04:09:12] [INFO] Loaded script server_scripts:mods/farmingforblockheads/market.js in 0.002 s
[04:09:12] [INFO] Loaded script server_scripts:mods/evilcraft/evilcraft.js in 0.001 s
[04:09:12] [INFO] Loaded script server_scripts:mods/industrialforegoing/industrial_foregoing.js in 0.0 s
[04:09:12] [INFO] Loaded script server_scripts:mods/industrialforegoing/fluid_extractor.js in 0.0 s
[04:09:12] [INFO] Loaded script server_scripts:mods/cataclysm/cataclysm.js in 0.0 s
[04:09:12] [INFO] Loaded script server_scripts:mods/ars_nouveau/ars_nouveau.js in 0.0 s
[04:09:12] [INFO] Loaded script server_scripts:mods/reliquary/reliquary.js in 0.001 s
[04:09:12] [INFO] Loaded script server_scripts:mods/timeinabottle/recipes.js in 0.0 s
[04:09:12] [INFO] Loaded script server_scripts:mods/er2/extremereactors2.js in 0.001 s
[04:09:12] [INFO] Loaded script server_scripts:mods/mekanism/mekanismServer.js in 0.002 s
[04:09:12] [INFO] Loaded script server_scripts:mods/mekanism/mekanism.js in 0.001 s
[04:09:12] [INFO] Loaded script server_scripts:mods/everythingcopper/disable_shield.js in 0.0 s
[04:09:12] [INFO] Loaded script server_scripts:mods/mininggadgets/upgrade.js in 0.001 s
[04:09:12] [INFO] Loaded script server_scripts:mods/structure_compass/structure_compass.js in 0.0 s
[04:09:12] [INFO] Loaded script server_scripts:mods/mob_grinding_utils/recipes.js in 0.0 s
[04:09:12] [INFO] Loaded script server_scripts:miningDim.js in 0.001 s
[04:09:12] [INFO] Loaded script server_scripts:xpFluids.js in 0.001 s
[04:09:12] [INFO] Loaded script server_scripts:ore_processing.js in 0.003 s
[04:09:12] [INFO] Loaded 64/64 KubeJS server scripts in 0.11 s with 0 errors and 0 warnings
[04:09:12] [INFO] Scripts loaded
[04:09:12] [INFO] Initializing recipe event...
[04:09:16] [INFO] [minecraft:entity_type] Found 170 tags, added 60 objects, removed 0 objects
[04:09:16] [INFO] [minecraft:block] Found 1544 tags, added 294 objects, removed 0 objects
[04:09:17] [INFO] [minecraft:item] Found 3449 tags, added 92 objects, removed 0 objects
[04:09:17] [INFO] [minecraft:fluid] Found 109 tags, added 0 objects, removed 2 objects
[04:09:24] [INFO] Processing recipes...
[04:09:25] [INFO] Found 30344 recipes in 466.8 ms
[04:09:29] [INFO] Posted recipe events in 4.009 s
[04:09:29] [WARN] Error parsing recipe bloodmagic:meteor/nethergtores_big[bloodmagic:meteor]: {"type":"bloodmagic:meteor","explosion":16,"input":{"item":"gtceu:indium_tin_barium_titanium_cuprate_block"},"layers":[{"additionalWeight":0,"fill":{"block":"minecraft:netherrack"},"minWeight":1000,"radius":8,"weightMap":[{"block":"gtceu:netherrack_sphalerite_ore","weight":200},{"block":"gtceu:netherrack_sulfur_ore","weight":300},{"block":"gtceu:netherrack_tetrahedrite_ore","weight":300}]}],"syphon":2500000}: Unknown item 'gtceu:indium_tin_barium_titanium_cuprate_block'
[04:09:29] [WARN] Error parsing recipe thermal:furnace/allthecompressed/stone/deepslate/9x[thermal:furnace]: {"type":"thermal:furnace","ingredient":{"item":"allthecompressed:cobbled_deepslate_block_9x","count":1},"result":{"item":"allthecompressed:deepslate_block_9x"},"energy":2400000,"conditions":[{"type":"forge:and","values":[{"type":"forge:not","value":{"type":"forge:mod_loaded","modid":"compressium"}},{"type":"forge:mod_loaded","modid":"thermal"}]}]}: Invalid Thermal Series recipe: thermal:furnace/allthecompressed/stone/deepslate/9x
Refer to the recipe's ResourceLocation to find the mod responsible and let them know!
[04:09:29] [WARN] Error parsing recipe create:cutting/compat/forbidden_arcanus/stripped_mysterywood[create:cutting]: {"type":"create:cutting","conditions":[{"type":"forge:mod_loaded","modid":"forbidden_arcanus"}],"ingredients":[{"item":"forbidden_arcanus:stripped_mysterywood"}],"processingTime":50,"results":[{"count":6,"item":"forbidden_arcanus:mysterywood_planks"}]}: Unknown item 'forbidden_arcanus:stripped_mysterywood'
[04:09:29] [WARN] Error parsing recipe thermal:furnace/allthecompressed/stone/deepslate/1x[thermal:furnace]: {"type":"thermal:furnace","ingredient":{"item":"allthecompressed:cobbled_deepslate_block_1x","count":1},"result":{"item":"allthecompressed:deepslate_block_1x"},"energy":240000,"conditions":[{"type":"forge:and","values":[{"type":"forge:not","value":{"type":"forge:mod_loaded","modid":"compressium"}},{"type":"forge:mod_loaded","modid":"thermal"}]}]}: Invalid Thermal Series recipe: thermal:furnace/allthecompressed/stone/deepslate/1x
Refer to the recipe's ResourceLocation to find the mod responsible and let them know!
[04:09:29] [WARN] Error parsing recipe thermal:furnace/allthecompressed/stone/deepslate/2x[thermal:furnace]: {"type":"thermal:furnace","ingredient":{"item":"allthecompressed:cobbled_deepslate_block_2x","count":1},"result":{"item":"allthecompressed:deepslate_block_2x"},"energy":480000,"conditions":[{"type":"forge:and","values":[{"type":"forge:not","value":{"type":"forge:mod_loaded","modid":"compressium"}},{"type":"forge:mod_loaded","modid":"thermal"}]}]}: Invalid Thermal Series recipe: thermal:furnace/allthecompressed/stone/deepslate/2x
Refer to the recipe's ResourceLocation to find the mod responsible and let them know!
[04:09:29] [WARN] Error parsing recipe thermal:furnace/allthecompressed/stone/deepslate/3x[thermal:furnace]: {"type":"thermal:furnace","ingredient":{"item":"allthecompressed:cobbled_deepslate_block_3x","count":1},"result":{"item":"allthecompressed:deepslate_block_3x"},"energy":720000,"conditions":[{"type":"forge:and","values":[{"type":"forge:not","value":{"type":"forge:mod_loaded","modid":"compressium"}},{"type":"forge:mod_loaded","modid":"thermal"}]}]}: Invalid Thermal Series recipe: thermal:furnace/allthecompressed/stone/deepslate/3x
Refer to the recipe's ResourceLocation to find the mod responsible and let them know!
[04:09:29] [WARN] Error parsing recipe thermal:furnace/allthecompressed/stone/deepslate/5x[thermal:furnace]: {"type":"thermal:furnace","ingredient":{"item":"allthecompressed:cobbled_deepslate_block_5x","count":1},"result":{"item":"allthecompressed:deepslate_block_5x"},"energy":1200000,"conditions":[{"type":"forge:and","values":[{"type":"forge:not","value":{"type":"forge:mod_loaded","modid":"compressium"}},{"type":"forge:mod_loaded","modid":"thermal"}]}]}: Invalid Thermal Series recipe: thermal:furnace/allthecompressed/stone/deepslate/5x
Refer to the recipe's ResourceLocation to find the mod responsible and let them know!
[04:09:29] [WARN] Error parsing recipe thermal:furnace/allthecompressed/stone/deepslate/4x[thermal:furnace]: {"type":"thermal:furnace","ingredient":{"item":"allthecompressed:cobbled_deepslate_block_4x","count":1},"result":{"item":"allthecompressed:deepslate_block_4x"},"energy":960000,"conditions":[{"type":"forge:and","values":[{"type":"forge:not","value":{"type":"forge:mod_loaded","modid":"compressium"}},{"type":"forge:mod_loaded","modid":"thermal"}]}]}: Invalid Thermal Series recipe: thermal:furnace/allthecompressed/stone/deepslate/4x
Refer to the recipe's ResourceLocation to find the mod responsible and let them know!
[04:09:29] [WARN] Error parsing recipe thermal:furnace/allthecompressed/stone/deepslate/6x[thermal:furnace]: {"type":"thermal:furnace","ingredient":{"item":"allthecompressed:cobbled_deepslate_block_6x","count":1},"result":{"item":"allthecompressed:deepslate_block_6x"},"energy":1440000,"conditions":[{"type":"forge:and","values":[{"type":"forge:not","value":{"type":"forge:mod_loaded","modid":"compressium"}},{"type":"forge:mod_loaded","modid":"thermal"}]}]}: Invalid Thermal Series recipe: thermal:furnace/allthecompressed/stone/deepslate/6x
Refer to the recipe's ResourceLocation to find the mod responsible and let them know!
[04:09:29] [WARN] Error parsing recipe thermal:furnace/allthecompressed/stone/deepslate/7x[thermal:furnace]: {"type":"thermal:furnace","ingredient":{"item":"allthecompressed:cobbled_deepslate_block_7x","count":1},"result":{"item":"allthecompressed:deepslate_block_7x"},"energy":1680000,"conditions":[{"type":"forge:and","values":[{"type":"forge:not","value":{"type":"forge:mod_loaded","modid":"compressium"}},{"type":"forge:mod_loaded","modid":"thermal"}]}]}: Invalid Thermal Series recipe: thermal:furnace/allthecompressed/stone/deepslate/7x
Refer to the recipe's ResourceLocation to find the mod responsible and let them know!
[04:09:29] [WARN] Error parsing recipe thermal:furnace/allthecompressed/stone/deepslate/8x[thermal:furnace]: {"type":"thermal:furnace","ingredient":{"item":"allthecompressed:cobbled_deepslate_block_8x","count":1},"result":{"item":"allthecompressed:deepslate_block_8x"},"energy":2160000,"conditions":[{"type":"forge:and","values":[{"type":"forge:not","value":{"type":"forge:mod_loaded","modid":"compressium"}},{"type":"forge:mod_loaded","modid":"thermal"}]}]}: Invalid Thermal Series recipe: thermal:furnace/allthecompressed/stone/deepslate/8x
Refer to the recipe's ResourceLocation to find the mod responsible and let them know!
[04:09:29] [WARN] Error parsing recipe create:cutting/compat/forbidden_arcanus/cherrywood[create:cutting]: {"type":"create:cutting","conditions":[{"type":"forge:mod_loaded","modid":"forbidden_arcanus"}],"ingredients":[{"item":"forbidden_arcanus:cherrywood"}],"processingTime":50,"results":[{"item":"forbidden_arcanus:stripped_cherrywood"}]}: Unknown item 'forbidden_arcanus:cherrywood'
[04:09:29] [WARN] Error parsing recipe bloodmagic:meteor/overworldgtores[bloodmagic:meteor]: {"type":"bloodmagic:meteor","explosion":8,"input":{"item":"gtceu:arsenic_dust"},"layers":[{"additionalWeight":0,"fill":{"block":"minecraft:cobblestone"},"minWeight":1000,"radius":4,"weightMap":[{"block":"gtceu:tantalite_ore","weight":200},{"block":"gtceu:vanadium_magnetite_ore","weight":200},{"block":"gtceu:cobaltite_ore","weight":400}]}],"syphon":625000}: Unknown item 'gtceu:arsenic_dust'
[04:09:29] [WARN] Error parsing recipe bloodmagic:meteor/endgtores_big[bloodmagic:meteor]: {"type":"bloodmagic:meteor","explosion":12,"input":{"item":"gtceu:uranium_rhodium_dinaquadide_block"},"layers":[{"additionalWeight":0,"fill":{"block":"minecraft:end_stone"},"minWeight":1000,"radius":6,"weightMap":[{"block":"gtceu:endstone_naquadah_ore","weight":200},{"block":"gtceu:endstone_plutonium_ore","weight":200},{"block":"gtceu:endstone_tungstate_ore","weight":400}]}],"syphon":5000000}: Unknown item 'gtceu:uranium_rhodium_dinaquadide_block'
[04:09:29] [WARN] Error parsing recipe railways:sequenced_assembly/track_biomesoplenty_cherry_wide[create:sequenced_assembly]: {"fabric:load_conditions":[{"condition":"fabric:all_mods_loaded","values":["biomesoplenty"]}],"type":"create:sequenced_assembly","conditions":[{"type":"forge:mod_loaded","modid":"biomesoplenty"}],"ingredient":{"item":"railways:track_biomesoplenty_cherry"},"loops":1,"results":[{"item":"railways:track_biomesoplenty_cherry_wide"}],"sequence":[{"type":"create:cutting","ingredients":[{"item":"railways:track_incomplete_biomesoplenty_cherry_wide"}],"results":[{"item":"railways:track_incomplete_biomesoplenty_cherry_wide"}]},{"type":"create:deploying","ingredients":[{"item":"railways:track_incomplete_biomesoplenty_cherry_wide"},{"item":"biomesoplenty:cherry_slab"}],"results":[{"item":"railways:track_incomplete_biomesoplenty_cherry_wide"}]},{"type":"create:pressing","ingredients":[{"item":"railways:track_incomplete_biomesoplenty_cherry_wide"}],"results":[{"item":"railways:track_incomplete_biomesoplenty_cherry_wide"}]}],"transitionalItem":{"item":"railways:track_incomplete_biomesoplenty_cherry_wide"}}: Unknown item 'biomesoplenty:cherry_slab'
[04:09:29] [WARN] Error parsing recipe bloodmagic:meteor/nethergtores[bloodmagic:meteor]: {"type":"bloodmagic:meteor","explosion":8,"input":{"item":"gtceu:titanium_ingot"},"layers":[{"additionalWeight":0,"fill":{"block":"minecraft:netherrack"},"minWeight":1000,"radius":4,"weightMap":[{"block":"gtceu:netherrack_sphalerite_ore","weight":200},{"block":"gtceu:netherrack_sulfur_ore","weight":300},{"block":"gtceu:netherrack_tetrahedrite_ore","weight":300}]}],"syphon":1250000}: Unknown item 'gtceu:titanium_ingot'
[04:09:29] [WARN] Error parsing recipe bloodmagic:meteor/endgtores[bloodmagic:meteor]: {"type":"bloodmagic:meteor","explosion":6,"input":{"item":"gtceu:naquadah_ingot"},"layers":[{"additionalWeight":0,"fill":{"block":"minecraft:end_stone"},"minWeight":1000,"radius":3,"weightMap":[{"block":"gtceu:endstone_naquadah_ore","weight":200},{"block":"gtceu:endstone_plutonium_ore","weight":200},{"block":"gtceu:endstone_tungstate_ore","weight":400}]}],"syphon":2500000}: Unknown item 'gtceu:naquadah_ingot'
[04:09:29] [WARN] Error parsing recipe create:cutting/compat/forbidden_arcanus/stripped_cherrywood_log[create:cutting]: {"type":"create:cutting","conditions":[{"type":"forge:mod_loaded","modid":"forbidden_arcanus"}],"ingredients":[{"item":"forbidden_arcanus:stripped_cherrywood_log"}],"processingTime":50,"results":[{"count":6,"item":"forbidden_arcanus:cherrywood_planks"}]}: Unknown item 'forbidden_arcanus:stripped_cherrywood_log'
[04:09:29] [WARN] Error parsing recipe create:cutting/compat/biomesoplenty/cherry_log[create:cutting]: {"type":"create:cutting","conditions":[{"type":"forge:mod_loaded","modid":"biomesoplenty"}],"ingredients":[{"item":"biomesoplenty:cherry_log"}],"processingTime":50,"results":[{"item":"biomesoplenty:stripped_cherry_log"}]}: Unknown item 'biomesoplenty:cherry_log'
[04:09:29] [WARN] Error parsing recipe thermal:compat/biomesoplenty/insolator_bop_pink_cherry_sapling[thermal:insolator]: {"type":"thermal:insolator","ingredient":{"item":"biomesoplenty:pink_cherry_sapling"},"result":[{"item":"biomesoplenty:cherry_log","chance":6.0},{"item":"biomesoplenty:pink_cherry_sapling","chance":1.1}],"energy_mod":3.0,"water_mod":3.0,"conditions":[{"type":"thermal:flag","flag":"mod_biomesoplenty"}]}: Invalid Thermal Series recipe: thermal:compat/biomesoplenty/insolator_bop_pink_cherry_sapling
Refer to the recipe's ResourceLocation to find the mod responsible and let them know!
[04:09:29] [WARN] Error parsing recipe thermal:furnace/allthecompressed/terracotta/1x[thermal:furnace]: {"type":"thermal:furnace","ingredient":{"item":"allthecompressed:clay_block_1x","count":1},"result":{"item":"allthecompressed:terracotta_block_1x"},"energy":240000,"conditions":[{"type":"forge:and","values":[{"type":"forge:not","value":{"type":"forge:mod_loaded","modid":"compressium"}},{"type":"forge:mod_loaded","modid":"thermal"}]}]}: Invalid Thermal Series recipe: thermal:furnace/allthecompressed/terracotta/1x
Refer to the recipe's ResourceLocation to find the mod responsible and let them know!
[04:09:30] [WARN] Error parsing recipe thermal:furnace/allthecompressed/terracotta/2x[thermal:furnace]: {"type":"thermal:furnace","ingredient":{"item":"allthecompressed:clay_block_2x","count":1},"result":{"item":"allthecompressed:terracotta_block_2x"},"energy":480000,"conditions":[{"type":"forge:and","values":[{"type":"forge:not","value":{"type":"forge:mod_loaded","modid":"compressium"}},{"type":"forge:mod_loaded","modid":"thermal"}]}]}: Invalid Thermal Series recipe: thermal:furnace/allthecompressed/terracotta/2x
Refer to the recipe's ResourceLocation to find the mod responsible and let them know!
[04:09:30] [WARN] Error parsing recipe thermal:furnace/allthecompressed/terracotta/5x[thermal:furnace]: {"type":"thermal:furnace","ingredient":{"item":"allthecompressed:clay_block_5x","count":1},"result":{"item":"allthecompressed:terracotta_block_5x"},"energy":1200000,"conditions":[{"type":"forge:and","values":[{"type":"forge:not","value":{"type":"forge:mod_loaded","modid":"compressium"}},{"type":"forge:mod_loaded","modid":"thermal"}]}]}: Invalid Thermal Series recipe: thermal:furnace/allthecompressed/terracotta/5x
Refer to the recipe's ResourceLocation to find the mod responsible and let them know!
[04:09:30] [WARN] Error parsing recipe occultism:miner/ores/apatite[occultism:miner]: {"type":"occultism:miner","ingredient":{"tag":"occultism:miners/ores"},"result":{"item":"gtceu:apatite_ore"},"weight":400,"conditions":[{"type":"forge:not","value":{"type":"forge:tag_empty","tag":"forge:ores/apatite"}}]}: Unknown item 'gtceu:apatite_ore'
[04:09:30] [WARN] Error parsing recipe thermal:furnace/allthecompressed/terracotta/6x[thermal:furnace]: {"type":"thermal:furnace","ingredient":{"item":"allthecompressed:clay_block_6x","count":1},"result":{"item":"allthecompressed:terracotta_block_6x"},"energy":1440000,"conditions":[{"type":"forge:and","values":[{"type":"forge:not","value":{"type":"forge:mod_loaded","modid":"compressium"}},{"type":"forge:mod_loaded","modid":"thermal"}]}]}: Invalid Thermal Series recipe: thermal:furnace/allthecompressed/terracotta/6x
Refer to the recipe's ResourceLocation to find the mod responsible and let them know!
[04:09:30] [WARN] Error parsing recipe thermal:furnace/allthecompressed/terracotta/3x[thermal:furnace]: {"type":"thermal:furnace","ingredient":{"item":"allthecompressed:clay_block_3x","count":1},"result":{"item":"allthecompressed:terracotta_block_3x"},"energy":720000,"conditions":[{"type":"forge:and","values":[{"type":"forge:not","value":{"type":"forge:mod_loaded","modid":"compressium"}},{"type":"forge:mod_loaded","modid":"thermal"}]}]}: Invalid Thermal Series recipe: thermal:furnace/allthecompressed/terracotta/3x
Refer to the recipe's ResourceLocation to find the mod responsible and let them know!
[04:09:30] [WARN] Error parsing recipe thermal:furnace/allthecompressed/terracotta/4x[thermal:furnace]: {"type":"thermal:furnace","ingredient":{"item":"allthecompressed:clay_block_4x","count":1},"result":{"item":"allthecompressed:terracotta_block_4x"},"energy":960000,"conditions":[{"type":"forge:and","values":[{"type":"forge:not","value":{"type":"forge:mod_loaded","modid":"compressium"}},{"type":"forge:mod_loaded","modid":"thermal"}]}]}: Invalid Thermal Series recipe: thermal:furnace/allthecompressed/terracotta/4x
Refer to the recipe's ResourceLocation to find the mod responsible and let them know!
[04:09:30] [WARN] Error parsing recipe thermal:furnace/allthecompressed/terracotta/9x[thermal:furnace]: {"type":"thermal:furnace","ingredient":{"item":"allthecompressed:clay_block_9x","count":1},"result":{"item":"allthecompressed:terracotta_block_9x"},"energy":2400000,"conditions":[{"type":"forge:and","values":[{"type":"forge:not","value":{"type":"forge:mod_loaded","modid":"compressium"}},{"type":"forge:mod_loaded","modid":"thermal"}]}]}: Invalid Thermal Series recipe: thermal:furnace/allthecompressed/terracotta/9x
Refer to the recipe's ResourceLocation to find the mod responsible and let them know!
[04:09:30] [WARN] Error parsing recipe thermal:furnace/allthecompressed/terracotta/7x[thermal:furnace]: {"type":"thermal:furnace","ingredient":{"item":"allthecompressed:clay_block_7x","count":1},"result":{"item":"allthecompressed:terracotta_block_7x"},"energy":1680000,"conditions":[{"type":"forge:and","values":[{"type":"forge:not","value":{"type":"forge:mod_loaded","modid":"compressium"}},{"type":"forge:mod_loaded","modid":"thermal"}]}]}: Invalid Thermal Series recipe: thermal:furnace/allthecompressed/terracotta/7x
Refer to the recipe's ResourceLocation to find the mod responsible and let them know!
[04:09:30] [WARN] Error parsing recipe thermal:furnace/allthecompressed/terracotta/8x[thermal:furnace]: {"type":"thermal:furnace","ingredient":{"item":"allthecompressed:clay_block_8x","count":1},"result":{"item":"allthecompressed:terracotta_block_8x"},"energy":2160000,"conditions":[{"type":"forge:and","values":[{"type":"forge:not","value":{"type":"forge:mod_loaded","modid":"compressium"}},{"type":"forge:mod_loaded","modid":"thermal"}]}]}: Invalid Thermal Series recipe: thermal:furnace/allthecompressed/terracotta/8x
Refer to the recipe's ResourceLocation to find the mod responsible and let them know!
[04:09:30] [WARN] Error parsing recipe bloodmagic:meteor/palladium_big[bloodmagic:meteor]: {"type":"bloodmagic:meteor","explosion":12,"input":{"item":"gtceu:rhodium_plated_palladium_block"},"layers":[{"additionalWeight":0,"fill":{"block":"minecraft:end_stone"},"minWeight":1000,"radius":6,"weightMap":[{"block":"gtceu:endstone_chromite_ore","weight":300},{"block":"gtceu:endstone_bauxite_ore","weight":300},{"block":"gtceu:endstone_palladium_ore","weight":200}]}],"syphon":5000000}: Unknown item 'gtceu:rhodium_plated_palladium_block'
[04:09:30] [WARN] Error parsing recipe create:cutting/compat/forbidden_arcanus/mysterywood[create:cutting]: {"type":"create:cutting","conditions":[{"type":"forge:mod_loaded","modid":"forbidden_arcanus"}],"ingredients":[{"item":"forbidden_arcanus:mysterywood"}],"processingTime":50,"results":[{"item":"forbidden_arcanus:stripped_mysterywood"}]}: Unknown item 'forbidden_arcanus:mysterywood'
[04:09:30] [WARN] Error parsing recipe railways:sequenced_assembly/track_biomesoplenty_cherry_narrow[create:sequenced_assembly]: {"fabric:load_conditions":[{"condition":"fabric:all_mods_loaded","values":["biomesoplenty"]}],"type":"create:sequenced_assembly","conditions":[{"type":"forge:mod_loaded","modid":"biomesoplenty"}],"ingredient":{"item":"biomesoplenty:cherry_slab"},"loops":1,"results":[{"item":"railways:track_biomesoplenty_cherry_narrow"}],"sequence":[{"type":"create:cutting","ingredients":[{"item":"railways:track_incomplete_biomesoplenty_cherry_narrow"}],"results":[{"item":"railways:track_incomplete_biomesoplenty_cherry_narrow"}]},{"type":"create:deploying","ingredients":[{"item":"railways:track_incomplete_biomesoplenty_cherry_narrow"},[{"tag":"railways:internal/nuggets/iron_nuggets"},{"tag":"railways:internal/nuggets/zinc_nuggets"}]],"results":[{"item":"railways:track_incomplete_biomesoplenty_cherry_narrow"}]},{"type":"create:pressing","ingredients":[{"item":"railways:track_incomplete_biomesoplenty_cherry_narrow"}],"results":[{"item":"railways:track_incomplete_biomesoplenty_cherry_narrow"}]}],"transitionalItem":{"item":"railways:track_incomplete_biomesoplenty_cherry_narrow"}}: Unknown item 'biomesoplenty:cherry_slab'
[04:09:30] [WARN] Error parsing recipe bloodmagic:meteor/palladium[bloodmagic:meteor]: {"type":"bloodmagic:meteor","explosion":6,"input":{"item":"gtceu:palladium_ingot"},"layers":[{"additionalWeight":0,"fill":{"block":"minecraft:end_stone"},"minWeight":1000,"radius":3,"weightMap":[{"block":"gtceu:endstone_chromite_ore","weight":300},{"block":"gtceu:endstone_bauxite_ore","weight":300},{"block":"gtceu:endstone_palladium_ore","weight":200}]}],"syphon":2500000}: Unknown item 'gtceu:palladium_ingot'
[04:09:30] [WARN] Error parsing recipe railways:sequenced_assembly/track_biomesoplenty_cherry[create:sequenced_assembly]: {"fabric:load_conditions":[{"condition":"fabric:all_mods_loaded","values":["biomesoplenty"]}],"type":"create:sequenced_assembly","conditions":[{"type":"forge:mod_loaded","modid":"biomesoplenty"}],"ingredient":{"item":"biomesoplenty:cherry_slab"},"loops":1,"results":[{"item":"railways:track_biomesoplenty_cherry"}],"sequence":[{"type":"create:deploying","ingredients":[{"item":"railways:track_incomplete_biomesoplenty_cherry"},[{"tag":"railways:internal/nuggets/iron_nuggets"},{"tag":"railways:internal/nuggets/zinc_nuggets"}]],"results":[{"item":"railways:track_incomplete_biomesoplenty_cherry"}]},{"type":"create:deploying","ingredients":[{"item":"railways:track_incomplete_biomesoplenty_cherry"},[{"tag":"railways:internal/nuggets/iron_nuggets"},{"tag":"railways:internal/nuggets/zinc_nuggets"}]],"results":[{"item":"railways:track_incomplete_biomesoplenty_cherry"}]},{"type":"create:pressing","ingredients":[{"item":"railways:track_incomplete_biomesoplenty_cherry"}],"results":[{"item":"railways:track_incomplete_biomesoplenty_cherry"}]}],"transitionalItem":{"item":"railways:track_incomplete_biomesoplenty_cherry"}}: Unknown item 'biomesoplenty:cherry_slab'
[04:09:30] [WARN] Error parsing recipe create:cutting/compat/biomesoplenty/cherry_wood[create:cutting]: {"type":"create:cutting","conditions":[{"type":"forge:mod_loaded","modid":"biomesoplenty"}],"ingredients":[{"item":"biomesoplenty:cherry_wood"}],"processingTime":50,"results":[{"item":"biomesoplenty:stripped_cherry_wood"}]}: Unknown item 'biomesoplenty:cherry_wood'
[04:09:30] [WARN] Error parsing recipe bloodmagic:meteor/overworldgtores_big[bloodmagic:meteor]: {"type":"bloodmagic:meteor","explosion":16,"input":{"item":"gtceu:samarium_iron_arsenic_oxide_block"},"layers":[{"additionalWeight":0,"fill":{"block":"minecraft:cobblestone"},"minWeight":1000,"radius":8,"weightMap":[{"block":"gtceu:tantalite_ore","weight":200},{"block":"gtceu:vanadium_magnetite_ore","weight":200},{"block":"gtceu:cobaltite_ore","weight":400}]}],"syphon":1250000}: Unknown item 'gtceu:samarium_iron_arsenic_oxide_block'
[04:09:30] [WARN] Error parsing recipe create:cutting/compat/forbidden_arcanus/stripped_mysterywood_log[create:cutting]: {"type":"create:cutting","conditions":[{"type":"forge:mod_loaded","modid":"forbidden_arcanus"}],"ingredients":[{"item":"forbidden_arcanus:stripped_mysterywood_log"}],"processingTime":50,"results":[{"count":6,"item":"forbidden_arcanus:mysterywood_planks"}]}: Unknown item 'forbidden_arcanus:stripped_mysterywood_log'
[04:09:30] [WARN] Error parsing recipe thermal:compat/biomesoplenty/insolator_bop_white_cherry_sapling[thermal:insolator]: {"type":"thermal:insolator","ingredient":{"item":"biomesoplenty:white_cherry_sapling"},"result":[{"item":"biomesoplenty:cherry_log","chance":6.0},{"item":"biomesoplenty:white_cherry_sapling","chance":1.1}],"energy_mod":3.0,"water_mod":3.0,"conditions":[{"type":"thermal:flag","flag":"mod_biomesoplenty"}]}: Invalid Thermal Series recipe: thermal:compat/biomesoplenty/insolator_bop_white_cherry_sapling
Refer to the recipe's ResourceLocation to find the mod responsible and let them know!
[04:09:30] [WARN] Error parsing recipe create:cutting/compat/biomesoplenty/stripped_cherry_wood[create:cutting]: {"type":"create:cutting","conditions":[{"type":"forge:mod_loaded","modid":"biomesoplenty"}],"ingredients":[{"item":"biomesoplenty:stripped_cherry_wood"}],"processingTime":50,"results":[{"count":6,"item":"biomesoplenty:cherry_planks"}]}: Unknown item 'biomesoplenty:stripped_cherry_wood'
[04:09:30] [WARN] Error parsing recipe create:cutting/compat/biomesoplenty/stripped_cherry_log[create:cutting]: {"type":"create:cutting","conditions":[{"type":"forge:mod_loaded","modid":"biomesoplenty"}],"ingredients":[{"item":"biomesoplenty:stripped_cherry_log"}],"processingTime":50,"results":[{"count":6,"item":"biomesoplenty:cherry_planks"}]}: Unknown item 'biomesoplenty:stripped_cherry_log'
[04:09:30] [WARN] Error parsing recipe create:cutting/compat/forbidden_arcanus/mysterywood_log[create:cutting]: {"type":"create:cutting","conditions":[{"type":"forge:mod_loaded","modid":"forbidden_arcanus"}],"ingredients":[{"item":"forbidden_arcanus:mysterywood_log"}],"processingTime":50,"results":[{"item":"forbidden_arcanus:stripped_mysterywood_log"}]}: Unknown item 'forbidden_arcanus:mysterywood_log'
[04:09:30] [WARN] Error parsing recipe create:cutting/compat/forbidden_arcanus/stripped_cherrywood[create:cutting]: {"type":"create:cutting","conditions":[{"type":"forge:mod_loaded","modid":"forbidden_arcanus"}],"ingredients":[{"item":"forbidden_arcanus:stripped_cherrywood"}],"processingTime":50,"results":[{"count":6,"item":"forbidden_arcanus:cherrywood_planks"}]}: Unknown item 'forbidden_arcanus:stripped_cherrywood'
[04:09:30] [WARN] Error parsing recipe create:cutting/compat/forbidden_arcanus/cherrywood_log[create:cutting]: {"type":"create:cutting","conditions":[{"type":"forge:mod_loaded","modid":"forbidden_arcanus"}],"ingredients":[{"item":"forbidden_arcanus:cherrywood_log"}],"processingTime":50,"results":[{"item":"forbidden_arcanus:stripped_cherrywood_log"}]}: Unknown item 'forbidden_arcanus:cherrywood_log'
[04:09:30] [INFO] Added 1074 recipes, removed 189 recipes, modified 14 recipes, with 44 failed recipes in 1.114 s
[04:09:39] [INFO] Server resource reload complete!
