[04:08:50] [INIT] KubeJS 2001.6.4-build.138; MC 2001 forge
[04:08:50] [INIT] Loaded plugins:
[04:08:50] [INIT] - dev.latvian.mods.kubejs.forge.BuiltinKubeJSForgePlugin
[04:08:50] [INIT] - dev.ftb.mods.ftbxmodcompat.ftbquests.kubejs.KubeJSIntegration
[04:08:50] [INIT] - dev.ftb.mods.ftbxmodcompat.ftbchunks.kubejs.FTBChunksKubeJSPlugin
[04:08:50] [INIT] - dev.ftb.mods.ftbxmodcompat.ftbteams.kubejs.FTBTeamsKubeJSPlugin
[04:08:50] [INIT] - com.tom.createores.kubejs.KubeJSExcavation
[04:08:50] [INIT] - com.almostreliable.morejs.Plugin
[04:08:50] [INIT] - com.blakebr0.cucumber.compat.kubejs.CucumberKubeJSPlugin
[04:08:50] [INIT] - com.almostreliable.ponderjs.PonderJSPlugin
[04:08:51] [INFO] mekanismStartup.js#16: Loaded Java class 'mekanism.api.chemical.slurry.Slurry'
[04:08:51] [INFO] mekanismStartup.js#17: Loaded Java class 'mekanism.api.chemical.slurry.SlurryBuilder'
[04:08:51] [INFO] mekanismStartup.js#18: Loaded Java class 'mekanism.api.chemical.gas.Gas'
[04:08:51] [INFO] mekanismStartup.js#19: Loaded Java class 'mekanism.api.chemical.gas.GasBuilder'
[04:08:51] [INFO] Loaded script startup_scripts:mekanismStartup.js in 0.175 s
[04:08:51] [INFO] mysticalagriculture.js#1: Loaded Java class 'com.blakebr0.mysticalagriculture.api.MysticalAgricultureAPI'
[04:08:51] [INFO] Loaded script startup_scripts:mysticalagriculture.js in 0.029 s
[04:08:51] [INFO] farmingForBlockheads.js#8: Loaded Java class 'net.blay09.mods.farmingforblockheads.api.FarmingForBlockheadsAPI'
[04:08:51] [INFO] Loaded script startup_scripts:farmingForBlockheads.js in 0.027 s
[04:08:51] [INFO] Loaded script startup_scripts:settings.js in 0.009 s
[04:08:51] [INFO] Loaded script startup_scripts:AE2/Universal_Press.js in 0.0 s
[04:08:51] [INFO] Loaded script startup_scripts:custom_additions.js in 0.001 s
[04:08:51] [INFO] Loaded script startup_scripts:worldgen.js in 0.001 s
[04:08:51] [INFO] Loaded 7/7 KubeJS startup scripts in 0.79 s with 0 errors and 0 warnings
